
# Feb  5 14:58 irafspec-3615-56544-0722.fits - Ap 1: 
# Nfit=1, background=yes, positions=all, gfwhm=all, lfwhm=all
#   center      cont      flux       eqw      core     gfwhm     lfwhm
  8497.643 0.3592805 -0.350412    0.9753 -0.049002     6.718        0.
 (1041.04) (1.35575) (2585.58) (  172.2) ( 14.413) (  430.4) (     0.)
# Feb  5 14:58 irafspec-3615-56544-0722.fits - Ap 1: 
# Nfit=1, background=yes, positions=all, gfwhm=all, lfwhm=all
#   center      cont      flux       eqw      core     gfwhm     lfwhm
  8661.881 0.3148775 -0.499121     1.585 -0.068109     6.884        0.
 (835.193) (1.37282) (6298.53) (  444.9) (17.4042) (  221.7) (     0.)
# Feb  5 14:58 irafspec-3615-56544-0722.fits - Ap 1: 
# Nfit=1, background=yes, positions=all, gfwhm=all, lfwhm=all
#   center      cont      flux       eqw      core     gfwhm     lfwhm
  9013.265 0.2670737 -0.332109     1.244 -0.037253     8.375        0.
 (1206.05) (2.44248) (80997.8) (  330.2) (26.4407) (  621.9) (     0.)
# Feb  5 14:58 irafspec-3615-56544-0722.fits - Ap 1: 
# Nfit=1, background=yes, positions=all, gfwhm=all, lfwhm=all
#   center      cont      flux       eqw      core     gfwhm     lfwhm
  8749.332 0.3090808 -0.549709     1.779 -0.048071     10.74        0.
 (1643.66) (1.45968) (3946.47) (  327.5) (18.3414) (  802.5) (     0.)
# Feb  5 14:58 irafspec-3615-56544-0722.fits - Ap 1: 
# Nfit=1, background=yes, positions=all, gfwhm=all, lfwhm=all
#   center      cont      flux       eqw      core     gfwhm     lfwhm
   8596.88 0.3364992 -0.359001     1.067 -0.033177     10.17        0.
 (2245.44) (1.55928) (22861.7) (  385.6) (24.9314) (  1477.) (     0.)
# Feb  5 14:58 irafspec-3615-56544-0722.fits - Ap 1: 
# Nfit=1, background=yes, positions=all, gfwhm=all, lfwhm=all
#   center      cont      flux       eqw      core     gfwhm     lfwhm
   8541.07 0.3469236  -0.45309     1.306 -0.079064     5.384        0.
 (410.121) (1.10425) (1335.87) (  165.9) ( 14.478) (  168.5) (     0.)
# Feb  5 14:58 irafspec-3615-56544-0722.fits - Ap 1: 
# Nfit=1, background=yes, positions=all, gfwhm=all, lfwhm=all
#   center      cont      flux       eqw      core     gfwhm     lfwhm
  8861.758 0.2880514 -0.407781     1.416 -0.046054     8.318        0.
 (1398.73) (1.40922) (32914.9) (  715.9) ( 22.405) (  515.5) (     0.)
# Feb  5 14:58 irafspec-3615-56544-0722.fits - Ap 1: 
# Nfit=1, background=yes, positions=all, gfwhm=all, lfwhm=all
#   center      cont      flux       eqw      core     gfwhm     lfwhm
  6561.675 0.6348212   -1.5131     2.384 -0.194581     7.305        0.
 (228.097) (3.13134) ( 1237.6) (  44.55) (19.1663) (  81.84) (     0.)
